C:\Users\isaia\AppData\Local\Programs\Python\Python312\Lib\site-packages\requests\__init__.py:113: RequestsDependencyWarning: urllib3 (2.6.3) or chardet (7.3.0)/charset_normalizer (3.4.4) doesn't match a supported version!
  warnings.warn(
============================= test session starts =============================
platform win32 -- Python 3.12.10, pytest-7.4.3, pluggy-1.6.0 -- C:\Users\isaia\AppData\Local\Programs\Python\Python312\python.exe
cachedir: .pytest_cache
rootdir: C:\Users\isaia\Projects\ai-agents\crypto_trading
plugins: anyio-4.12.1, langsmith-0.4.56, asyncio-0.21.1
asyncio: mode=Mode.STRICT
collecting ... collected 28 items

bot/tests/test_db.py::test_bar_upsert_duplicates FAILED                  [  3%]
bot/tests/test_db.py::test_runtime_state_survival PASSED                 [  7%]
bot/tests/test_db.py::test_runtime_state_survival ERROR                  [  7%]
bot/tests/test_db.py::test_event_log_append PASSED                       [ 10%]
bot/tests/test_db.py::test_event_log_append ERROR                        [ 10%]
bot/tests/test_db_migration.py::test_migration_adds_missing_columns PASSED [ 14%]
bot/tests/test_db_migration.py::test_migration_is_idempotent PASSED      [ 17%]
bot/tests/test_execution.py::TestExecution::test_duplicate_handle_fill_does_not_over_credit PASSED [ 21%]
bot/tests/test_execution.py::TestExecution::test_exactly_one_execution_attempt_per_signal_id FAILED [ 25%]
bot/tests/test_execution.py::TestExecution::test_failed_order_attempt_persists_safely PASSED [ 28%]
bot/tests/test_execution.py::TestExecution::test_ioc_anchor_price_uses_execution_price PASSED [ 32%]
bot/tests/test_execution.py::TestExecution::test_one_position_rule_enforced PASSED [ 35%]
bot/tests/test_execution.py::TestExecution::test_overfill_rejected FAILED [ 39%]
bot/tests/test_execution.py::TestExecution::test_partial_fills_summing_to_filled FAILED [ 42%]
bot/tests/test_execution.py::TestExecution::test_repeated_processing_does_not_duplicate_order_intent FAILED [ 46%]
bot/tests/test_execution.py::TestExecution::test_restart_resumes_without_duplicate_execution FAILED [ 50%]
bot/tests/test_execution.py::TestExecution::test_second_signal_rejected_while_pending FAILED [ 53%]
bot/tests/test_reconcile.py::test_new_signal_transitions_to_order_pending FAILED [ 57%]
bot/tests/test_reconcile.py::test_repeated_consumer_loop_no_duplicate FAILED [ 60%]
bot/tests/test_reconcile.py::test_fill_application_updates_order_and_position FAILED [ 64%]
bot/tests/test_reconcile.py::test_stale_pending_order_timeout FAILED     [ 67%]
bot/tests/test_reconcile.py::test_exchange_metadata_persists_on_submit FAILED [ 71%]
bot/tests/test_reconcile.py::test_restart_resumes_state_cleanly PASSED   [ 75%]
bot/tests/test_state_machine.py::test_unchanged_4h_context_advances_1h PASSED [ 78%]
bot/tests/test_state_machine.py::test_repeated_processing_is_idempotent ERROR [ 82%]
bot/tests/test_state_machine.py::test_out_of_order_bars_ignored PASSED   [ 85%]
bot/tests/test_state_machine.py::test_four_hour_gap_disables ERROR       [ 89%]
bot/tests/test_state_machine.py::test_full_lifecycle_single_signal PASSED [ 92%]
bot/tests/test_state_machine.py::test_bearish_regime_invalidates_retest ERROR [ 96%]
bot/tests/test_state_machine.py::test_restart_persistence PASSED         [100%]

=================================== ERRORS ====================================
______________ ERROR at teardown of test_runtime_state_survival _______________

    @pytest.fixture
    def temp_db():
        test_path = "test_journal.db"
        if os.path.exists(test_path):
            os.remove(test_path)
    
        test_db = Database(test_path)
    
        # Overwrite bounds
        global_db_module.db = test_db
        journal.db = test_db
    
        yield test_db
    
        # Cleanup properly cleanly defensively
        if os.path.exists(test_path):
>           os.remove(test_path)
E           PermissionError: [WinError 32] The process cannot access the file because it is being used by another process: 'test_journal.db'

bot\tests\test_db.py:30: PermissionError
_________________ ERROR at teardown of test_event_log_append __________________

    @pytest.fixture
    def temp_db():
        test_path = "test_journal.db"
        if os.path.exists(test_path):
            os.remove(test_path)
    
        test_db = Database(test_path)
    
        # Overwrite bounds
        global_db_module.db = test_db
        journal.db = test_db
    
        yield test_db
    
        # Cleanup properly cleanly defensively
        if os.path.exists(test_path):
>           os.remove(test_path)
E           PermissionError: [WinError 32] The process cannot access the file because it is being used by another process: 'test_journal.db'

bot\tests\test_db.py:30: PermissionError
__________ ERROR at setup of test_repeated_processing_is_idempotent ___________

monkeypatch = <_pytest.monkeypatch.MonkeyPatch object at 0x000001BB5A7B2540>

    @pytest.fixture
    def temp_db(monkeypatch):
        test_path = "test_sm_journal.db"
        if os.path.exists(test_path):
>           os.remove(test_path)
E           PermissionError: [WinError 32] The process cannot access the file because it is being used by another process: 'test_sm_journal.db'

bot\tests\test_state_machine.py:15: PermissionError
________________ ERROR at setup of test_four_hour_gap_disables ________________

monkeypatch = <_pytest.monkeypatch.MonkeyPatch object at 0x000001BB5A7B1130>

    @pytest.fixture
    def temp_db(monkeypatch):
        test_path = "test_sm_journal.db"
        if os.path.exists(test_path):
>           os.remove(test_path)
E           PermissionError: [WinError 32] The process cannot access the file because it is being used by another process: 'test_sm_journal.db'

bot\tests\test_state_machine.py:15: PermissionError
__________ ERROR at setup of test_bearish_regime_invalidates_retest ___________

monkeypatch = <_pytest.monkeypatch.MonkeyPatch object at 0x000001BB5A7B35F0>

    @pytest.fixture
    def temp_db(monkeypatch):
        test_path = "test_sm_journal.db"
        if os.path.exists(test_path):
>           os.remove(test_path)
E           PermissionError: [WinError 32] The process cannot access the file because it is being used by another process: 'test_sm_journal.db'

bot\tests\test_state_machine.py:15: PermissionError
================================== FAILURES ===================================
_________________________ test_bar_upsert_duplicates __________________________

temp_db = <db.Database object at 0x000001BB5A7361E0>

    def test_bar_upsert_duplicates(temp_db):
        b1 = Bar("BTC-USD", "1h", 10000, 100.0, 105.0, 95.0, 102.0, 10.0)
        journal.Journal.upsert_bar(b1)
    
        # Simulate completely overlapping dirty restart pushing ticks dynamically explicitly natively securely
        b2 = Bar("BTC-USD", "1h", 10000, 102.0, 110.0, 90.0, 108.0, 5.0)
        journal.Journal.upsert_bar(b2)
    
        rows = temp_db.fetch_all("SELECT * FROM bars")
        assert len(rows) == 1
    
        # Confirm High/Low boundary absorption correctly resolves limits
        row = rows[0]
        assert row["high"] == 110.0
        assert row["low"] == 90.0
        assert row["close"] == 108.0
>       assert row["volume"] == 15.0 # (10.0 + 5.0) Volume securely gracefully seamlessly accurately added.
E       assert 5.0 == 15.0

bot\tests\test_db.py:48: AssertionError
_______ TestExecution.test_exactly_one_execution_attempt_per_signal_id ________

self = <test_execution.TestExecution testMethod=test_exactly_one_execution_attempt_per_signal_id>

    def test_exactly_one_execution_attempt_per_signal_id(self):
        order1 = self.service.process_signal(self.signal)
        self.assertIsNotNone(order1)
>       self.assertEqual(order1.status, "PENDING")
E       AssertionError: 'FILLED' != 'PENDING'
E       - FILLED
E       + PENDING

bot\tests\test_execution.py:57: AssertionError
____________________ TestExecution.test_overfill_rejected _____________________

self = <test_execution.TestExecution testMethod=test_overfill_rejected>

    def test_overfill_rejected(self):
        order = self.service.process_signal(self.signal)
        # Try to fill more than requested
        self.service.handle_fill(order, self.signal, fill_price=50200.0, fill_size=order.size * 1.5, execution_id="exec_overfill")
>       self.assertEqual(order.executed_size, 0.0)
E       AssertionError: 0.01176 != 0.0

bot\tests\test_execution.py:176: AssertionError
------------------------------ Captured log call ------------------------------
ERROR    execution:execution.py:83 Cannot process fill for order ord_sig_test_123 in state FAILED
_____________ TestExecution.test_partial_fills_summing_to_filled ______________

self = <test_execution.TestExecution testMethod=test_partial_fills_summing_to_filled>

    def test_partial_fills_summing_to_filled(self):
        order = self.service.process_signal(self.signal)
        total_size = order.size
        half_size = total_size / 2.0
    
        # First partial fill
        self.service.handle_fill(order, self.signal, fill_price=50200.0, fill_size=half_size, execution_id="exec_1")
>       self.assertEqual(order.status, "PARTIAL")
E       AssertionError: 'FAILED' != 'PARTIAL'
E       - FAILED
E       + PARTIAL

bot\tests\test_execution.py:146: AssertionError
------------------------------ Captured log call ------------------------------
ERROR    execution:execution.py:83 Cannot process fill for order ord_sig_test_123 in state FAILED
___ TestExecution.test_repeated_processing_does_not_duplicate_order_intent ____

self = <test_execution.TestExecution testMethod=test_repeated_processing_does_not_duplicate_order_intent>

    def test_repeated_processing_does_not_duplicate_order_intent(self):
        for _ in range(5):
            self.service.process_signal(self.signal)
    
        orders = db.fetch_all("SELECT * FROM orders")
>       self.assertEqual(len(orders), 1)
E       AssertionError: 0 != 1

bot\tests\test_execution.py:71: AssertionError
_______ TestExecution.test_restart_resumes_without_duplicate_execution ________

self = <test_execution.TestExecution testMethod=test_restart_resumes_without_duplicate_execution>

    def test_restart_resumes_without_duplicate_execution(self):
        order1 = self.service.process_signal(self.signal)
    
        service_restarted = ExecutionService(portfolio_value=10000.0)
        order2 = service_restarted.process_signal(self.signal)
    
        self.assertEqual(order1.order_id, order2.order_id)
        orders = db.fetch_all("SELECT * FROM orders")
>       self.assertEqual(len(orders), 1)
E       AssertionError: 0 != 1

bot\tests\test_execution.py:117: AssertionError
___________ TestExecution.test_second_signal_rejected_while_pending ___________

self = <test_execution.TestExecution testMethod=test_second_signal_rejected_while_pending>

    def test_second_signal_rejected_while_pending(self):
        order1 = self.service.process_signal(self.signal)
>       self.assertEqual(order1.status, "PENDING")
E       AssertionError: 'FAILED' != 'PENDING'
E       - FAILED
E       + PENDING

bot\tests\test_execution.py:121: AssertionError
________________ test_new_signal_transitions_to_order_pending _________________

    def test_new_signal_transitions_to_order_pending():
        exec_service = ExecutionService(portfolio_value=10000.0)
    
        # 1. Insert NEW signal
        db.execute(
            "INSERT INTO signals (signal_id, symbol, signal_type, regime_snapshot, breakout_level, retest_level, atr, rsi, status, execution_price) VALUES (?, ?, ?, ?, ?, ?, ?, ?, ?, ?)",
            ("sig1", "BTC-USD", "BREAKOUT", "{}", 50000.0, 49000.0, 1000.0, 60.0, "NEW", 49500.0)
        )
    
        # 2. Process
        process_consumer_tick(exec_service)
    
        # Signal should be ORDER_PENDING
        signals = db.fetch_all("SELECT * FROM signals")
        assert len(signals) == 1
>       assert signals[0]['status'] == "ORDER_PENDING"
E       AssertionError: assert 'NEW' == 'ORDER_PENDING'
E         - ORDER_PENDING
E         + NEW

bot\tests\test_reconcile.py:60: AssertionError
__________________ test_repeated_consumer_loop_no_duplicate ___________________

    def test_repeated_consumer_loop_no_duplicate():
        exec_service = ExecutionService()
    
        db.execute(
            "INSERT INTO signals (signal_id, symbol, signal_type, regime_snapshot, breakout_level, retest_level, atr, rsi, status, execution_price) VALUES (?, ?, ?, ?, ?, ?, ?, ?, ?, ?)",
            ("sig2", "BTC-USD", "BREAKOUT", "{}", 50000.0, 49000.0, 1000.0, 60.0, "NEW", 49500.0)
        )
        process_consumer_tick(exec_service)
        process_consumer_tick(exec_service)
    
        signals = db.fetch_all("SELECT * FROM signals")
>       assert signals[0]['status'] == "ORDER_PENDING"
E       AssertionError: assert 'NEW' == 'ORDER_PENDING'
E         - ORDER_PENDING
E         + NEW

bot\tests\test_reconcile.py:79: AssertionError
______________ test_fill_application_updates_order_and_position _______________

    def test_fill_application_updates_order_and_position():
        exec_service = ExecutionService()
    
        db.execute(
            "INSERT INTO signals (signal_id, symbol, signal_type, regime_snapshot, breakout_level, retest_level, atr, rsi, status, execution_price) VALUES (?, ?, ?, ?, ?, ?, ?, ?, ?, ?)",
            ("sig3", "BTC-USD", "BREAKOUT", "{}", 50000.0, 49000.0, 1000.0, 60.0, "NEW", 49500.0)
        )
        process_consumer_tick(exec_service)
    
        orders = Journal.get_pending_orders()
>       assert len(orders) == 1
E       assert 0 == 1
E        +  where 0 = len([])

bot\tests\test_reconcile.py:93: AssertionError
______________________ test_stale_pending_order_timeout _______________________

    def test_stale_pending_order_timeout():
        exec_service = ExecutionService()
    
        # Needs a signal to map FAILED_TIMEOUT back
        db.execute(
            "INSERT INTO signals (signal_id, symbol, signal_type, regime_snapshot, breakout_level, retest_level, atr, rsi, status, execution_price) VALUES (?, ?, ?, ?, ?, ?, ?, ?, ?, ?)",
            ("sig_stale", "BTC-USD", "BREAKOUT", "{}", 50000.0, 49000.0, 1000.0, 60.0, "ORDER_PENDING", 49500.0)
        )
    
        # Fake old pending order
        db.execute(
            "INSERT INTO orders (order_id, signal_id, symbol, side, price, size, executed_size, status, created_at) VALUES (?, ?, ?, ?, ?, ?, ?, ?, ?)",
            ("ord_stale", "sig_stale", "BTC-USD", "BUY", 50000.0, 1.0, 0.0, "PENDING", int(time.time()) - 100)
        )
    
        # Process tick - should expire it (timeout is 30 in our helper tick)
        process_consumer_tick(exec_service)
    
        orders = db.fetch_all("SELECT * FROM orders WHERE order_id='ord_stale'")
>       assert orders[0]['status'] == "EXPIRED"
E       AssertionError: assert 'PENDING' == 'EXPIRED'
E         - EXPIRED
E         + PENDING

bot\tests\test_reconcile.py:139: AssertionError
__________________ test_exchange_metadata_persists_on_submit __________________

    def test_exchange_metadata_persists_on_submit():
        exec_service = ExecutionService()
        adapter = MockAdapter()
    
        db.execute(
            "INSERT INTO signals (signal_id, symbol, signal_type, regime_snapshot, breakout_level, retest_level, atr, rsi, status, execution_price) VALUES (?, ?, ?, ?, ?, ?, ?, ?, ?, ?)",
            ("sig_mock", "BTC-USD", "BREAKOUT", "{}", 50000.0, 49000.0, 1000.0, 60.0, "NEW", 49500.0)
        )
        process_consumer_tick(exec_service, adapter=adapter)
    
        orders = db.fetch_all("SELECT * FROM orders WHERE signal_id='sig_mock'")
>       assert orders[0]['exchange_order_id'] == f"cb_{orders[0]['order_id']}"
E       IndexError: list index out of range

bot\tests\test_reconcile.py:165: IndexError
=========================== short test summary info ===========================
FAILED bot/tests/test_db.py::test_bar_upsert_duplicates - assert 5.0 == 15.0
FAILED bot/tests/test_execution.py::TestExecution::test_exactly_one_execution_attempt_per_signal_id
FAILED bot/tests/test_execution.py::TestExecution::test_overfill_rejected - A...
FAILED bot/tests/test_execution.py::TestExecution::test_partial_fills_summing_to_filled
FAILED bot/tests/test_execution.py::TestExecution::test_repeated_processing_does_not_duplicate_order_intent
FAILED bot/tests/test_execution.py::TestExecution::test_restart_resumes_without_duplicate_execution
FAILED bot/tests/test_execution.py::TestExecution::test_second_signal_rejected_while_pending
FAILED bot/tests/test_reconcile.py::test_new_signal_transitions_to_order_pending
FAILED bot/tests/test_reconcile.py::test_repeated_consumer_loop_no_duplicate
FAILED bot/tests/test_reconcile.py::test_fill_application_updates_order_and_position
FAILED bot/tests/test_reconcile.py::test_stale_pending_order_timeout - Assert...
FAILED bot/tests/test_reconcile.py::test_exchange_metadata_persists_on_submit
ERROR bot/tests/test_db.py::test_runtime_state_survival - PermissionError: [W...
ERROR bot/tests/test_db.py::test_event_log_append - PermissionError: [WinErro...
ERROR bot/tests/test_state_machine.py::test_repeated_processing_is_idempotent
ERROR bot/tests/test_state_machine.py::test_four_hour_gap_disables - Permissi...
ERROR bot/tests/test_state_machine.py::test_bearish_regime_invalidates_retest
=================== 12 failed, 13 passed, 5 errors in 2.10s ===================
